<?xml version="1.0" encoding="UTF-8" ?>
<testsuite tests="10" failures="0" name="edu.bu.met.cs665.TestDrink" time="0" errors="0" skipped="0">
  <properties>
[...]
</properties>
  <testcase classname="edu.bu.met.cs665.TestDrink" name="testaddMilkforCoffee" time="0"/>
  <testcase classname="edu.bu.met.cs665.TestDrink" name="testaddMilkforTea" time="0"/>
  <testcase classname="edu.bu.met.cs665.TestDrink" name="testGetDrinkName" time="0"/>
  <testcase classname="edu.bu.met.cs665.TestDrink" name="testGetDrinkType" time="0"/>
  <testcase classname="edu.bu.met.cs665.TestDrink" name="testGetDrinkPrice" time="0"/>
  <testcase classname="edu.bu.met.cs665.TestDrink" name="testaddSugarforTea" time="0"/>
  <testcase classname="edu.bu.met.cs665.TestDrink" name="testaddSugarforCoffee" time="0"/>
  <testcase classname="edu.bu.met.cs665.TestDrink" name="testSetDrinkPrice" time="0"/>
  <testcase classname="edu.bu.met.cs665.TestDrink" name="testSetDrinkName" time="0"/>
  <testcase classname="edu.bu.met.cs665.TestDrink" name="testSetDrinkType" time="0"/>
</testsuite>